[03-Jun-2023 13:39:56 UTC] PHP Warning:  Module "curl" is already loaded in Unknown on line 0
[03-Jun-2023 13:39:56 UTC] PHP Warning:  Module "fileinfo" is already loaded in Unknown on line 0
[03-Jun-2023 13:39:56 UTC] PHP Warning:  Module "mbstring" is already loaded in Unknown on line 0
[03-Jun-2023 13:39:56 UTC] PHP Warning:  PHP Startup: Unable to load dynamic library 'openssl' (tried: /usr/local/lib/php/extensions/no-debug-non-zts-20210902/openssl (/usr/local/lib/php/extensions/no-debug-non-zts-20210902/openssl: cannot open shared object file: No such file or directory), /usr/local/lib/php/extensions/no-debug-non-zts-20210902/openssl.so (/usr/local/lib/php/extensions/no-debug-non-zts-20210902/openssl.so: cannot open shared object file: No such file or directory)) in Unknown on line 0
[03-Jun-2023 13:59:18 UTC] PHP Warning:  Module "curl" is already loaded in Unknown on line 0
[03-Jun-2023 13:59:18 UTC] PHP Warning:  Module "fileinfo" is already loaded in Unknown on line 0
[03-Jun-2023 13:59:18 UTC] PHP Warning:  Module "mbstring" is already loaded in Unknown on line 0
[03-Jun-2023 13:59:18 UTC] PHP Warning:  PHP Startup: Unable to load dynamic library 'openssl' (tried: /usr/local/lib/php/extensions/no-debug-non-zts-20210902/openssl (/usr/local/lib/php/extensions/no-debug-non-zts-20210902/openssl: cannot open shared object file: No such file or directory), /usr/local/lib/php/extensions/no-debug-non-zts-20210902/openssl.so (/usr/local/lib/php/extensions/no-debug-non-zts-20210902/openssl.so: cannot open shared object file: No such file or directory)) in Unknown on line 0
[03-Jun-2023 14:53:30 UTC] PHP Warning:  PHP Startup: Unable to load dynamic library 'curl' (tried: /usr/local/lib/php/extensions/no-debug-non-zts-20210902/curl (/usr/local/lib/php/extensions/no-debug-non-zts-20210902/curl: cannot open shared object file: No such file or directory), /usr/local/lib/php/extensions/no-debug-non-zts-20210902/curl.so (/usr/local/lib/php/extensions/no-debug-non-zts-20210902/curl.so: cannot open shared object file: No such file or directory)) in Unknown on line 0
[03-Jun-2023 14:53:30 UTC] PHP Warning:  PHP Startup: Unable to load dynamic library 'fileinfo' (tried: /usr/local/lib/php/extensions/no-debug-non-zts-20210902/fileinfo (/usr/local/lib/php/extensions/no-debug-non-zts-20210902/fileinfo: cannot open shared object file: No such file or directory), /usr/local/lib/php/extensions/no-debug-non-zts-20210902/fileinfo.so (/usr/local/lib/php/extensions/no-debug-non-zts-20210902/fileinfo.so: cannot open shared object file: No such file or directory)) in Unknown on line 0
[03-Jun-2023 14:53:30 UTC] PHP Warning:  PHP Startup: Unable to load dynamic library 'mbstring' (tried: /usr/local/lib/php/extensions/no-debug-non-zts-20210902/mbstring (/usr/local/lib/php/extensions/no-debug-non-zts-20210902/mbstring: cannot open shared object file: No such file or directory), /usr/local/lib/php/extensions/no-debug-non-zts-20210902/mbstring.so (/usr/local/lib/php/extensions/no-debug-non-zts-20210902/mbstring.so: cannot open shared object file: No such file or directory)) in Unknown on line 0
[03-Jun-2023 14:53:30 UTC] PHP Warning:  PHP Startup: Unable to load dynamic library 'openssl' (tried: /usr/local/lib/php/extensions/no-debug-non-zts-20210902/openssl (/usr/local/lib/php/extensions/no-debug-non-zts-20210902/openssl: cannot open shared object file: No such file or directory), /usr/local/lib/php/extensions/no-debug-non-zts-20210902/openssl.so (/usr/local/lib/php/extensions/no-debug-non-zts-20210902/openssl.so: cannot open shared object file: No such file or directory)) in Unknown on line 0
[03-Jun-2023 15:52:45 UTC] PHP Warning:  PHP Startup: Unable to load dynamic library 'curl' (tried: /usr/local/lib/php/extensions/no-debug-non-zts-20210902/curl (/usr/local/lib/php/extensions/no-debug-non-zts-20210902/curl: cannot open shared object file: No such file or directory), /usr/local/lib/php/extensions/no-debug-non-zts-20210902/curl.so (/usr/local/lib/php/extensions/no-debug-non-zts-20210902/curl.so: cannot open shared object file: No such file or directory)) in Unknown on line 0
[03-Jun-2023 15:52:45 UTC] PHP Warning:  PHP Startup: Unable to load dynamic library 'fileinfo' (tried: /usr/local/lib/php/extensions/no-debug-non-zts-20210902/fileinfo (/usr/local/lib/php/extensions/no-debug-non-zts-20210902/fileinfo: cannot open shared object file: No such file or directory), /usr/local/lib/php/extensions/no-debug-non-zts-20210902/fileinfo.so (/usr/local/lib/php/extensions/no-debug-non-zts-20210902/fileinfo.so: cannot open shared object file: No such file or directory)) in Unknown on line 0
[03-Jun-2023 15:52:45 UTC] PHP Warning:  PHP Startup: Unable to load dynamic library 'mbstring' (tried: /usr/local/lib/php/extensions/no-debug-non-zts-20210902/mbstring (/usr/local/lib/php/extensions/no-debug-non-zts-20210902/mbstring: cannot open shared object file: No such file or directory), /usr/local/lib/php/extensions/no-debug-non-zts-20210902/mbstring.so (/usr/local/lib/php/extensions/no-debug-non-zts-20210902/mbstring.so: cannot open shared object file: No such file or directory)) in Unknown on line 0
[03-Jun-2023 15:52:45 UTC] PHP Warning:  PHP Startup: Unable to load dynamic library 'openssl' (tried: /usr/local/lib/php/extensions/no-debug-non-zts-20210902/openssl (/usr/local/lib/php/extensions/no-debug-non-zts-20210902/openssl: cannot open shared object file: No such file or directory), /usr/local/lib/php/extensions/no-debug-non-zts-20210902/openssl.so (/usr/local/lib/php/extensions/no-debug-non-zts-20210902/openssl.so: cannot open shared object file: No such file or directory)) in Unknown on line 0
[03-Jun-2023 15:55:48 UTC] PHP Warning:  PHP Startup: Unable to load dynamic library 'curl' (tried: /usr/local/lib/php/extensions/no-debug-non-zts-20210902/curl (/usr/local/lib/php/extensions/no-debug-non-zts-20210902/curl: cannot open shared object file: No such file or directory), /usr/local/lib/php/extensions/no-debug-non-zts-20210902/curl.so (/usr/local/lib/php/extensions/no-debug-non-zts-20210902/curl.so: cannot open shared object file: No such file or directory)) in Unknown on line 0
[03-Jun-2023 15:55:48 UTC] PHP Warning:  PHP Startup: Unable to load dynamic library 'fileinfo' (tried: /usr/local/lib/php/extensions/no-debug-non-zts-20210902/fileinfo (/usr/local/lib/php/extensions/no-debug-non-zts-20210902/fileinfo: cannot open shared object file: No such file or directory), /usr/local/lib/php/extensions/no-debug-non-zts-20210902/fileinfo.so (/usr/local/lib/php/extensions/no-debug-non-zts-20210902/fileinfo.so: cannot open shared object file: No such file or directory)) in Unknown on line 0
[03-Jun-2023 15:55:48 UTC] PHP Warning:  PHP Startup: Unable to load dynamic library 'mbstring' (tried: /usr/local/lib/php/extensions/no-debug-non-zts-20210902/mbstring (/usr/local/lib/php/extensions/no-debug-non-zts-20210902/mbstring: cannot open shared object file: No such file or directory), /usr/local/lib/php/extensions/no-debug-non-zts-20210902/mbstring.so (/usr/local/lib/php/extensions/no-debug-non-zts-20210902/mbstring.so: cannot open shared object file: No such file or directory)) in Unknown on line 0
[03-Jun-2023 15:55:48 UTC] PHP Warning:  PHP Startup: Unable to load dynamic library 'openssl' (tried: /usr/local/lib/php/extensions/no-debug-non-zts-20210902/openssl (/usr/local/lib/php/extensions/no-debug-non-zts-20210902/openssl: cannot open shared object file: No such file or directory), /usr/local/lib/php/extensions/no-debug-non-zts-20210902/openssl.so (/usr/local/lib/php/extensions/no-debug-non-zts-20210902/openssl.so: cannot open shared object file: No such file or directory)) in Unknown on line 0
[03-Jun-2023 15:57:19 UTC] PHP Warning:  PHP Startup: Unable to load dynamic library 'curl' (tried: /usr/local/lib/php/extensions/no-debug-non-zts-20210902/curl (/usr/local/lib/php/extensions/no-debug-non-zts-20210902/curl: cannot open shared object file: No such file or directory), /usr/local/lib/php/extensions/no-debug-non-zts-20210902/curl.so (/usr/local/lib/php/extensions/no-debug-non-zts-20210902/curl.so: cannot open shared object file: No such file or directory)) in Unknown on line 0
[03-Jun-2023 15:57:19 UTC] PHP Warning:  PHP Startup: Unable to load dynamic library 'fileinfo' (tried: /usr/local/lib/php/extensions/no-debug-non-zts-20210902/fileinfo (/usr/local/lib/php/extensions/no-debug-non-zts-20210902/fileinfo: cannot open shared object file: No such file or directory), /usr/local/lib/php/extensions/no-debug-non-zts-20210902/fileinfo.so (/usr/local/lib/php/extensions/no-debug-non-zts-20210902/fileinfo.so: cannot open shared object file: No such file or directory)) in Unknown on line 0
[03-Jun-2023 15:57:19 UTC] PHP Warning:  PHP Startup: Unable to load dynamic library 'mbstring' (tried: /usr/local/lib/php/extensions/no-debug-non-zts-20210902/mbstring (/usr/local/lib/php/extensions/no-debug-non-zts-20210902/mbstring: cannot open shared object file: No such file or directory), /usr/local/lib/php/extensions/no-debug-non-zts-20210902/mbstring.so (/usr/local/lib/php/extensions/no-debug-non-zts-20210902/mbstring.so: cannot open shared object file: No such file or directory)) in Unknown on line 0
[03-Jun-2023 15:57:19 UTC] PHP Warning:  PHP Startup: Unable to load dynamic library 'openssl' (tried: /usr/local/lib/php/extensions/no-debug-non-zts-20210902/openssl (/usr/local/lib/php/extensions/no-debug-non-zts-20210902/openssl: cannot open shared object file: No such file or directory), /usr/local/lib/php/extensions/no-debug-non-zts-20210902/openssl.so (/usr/local/lib/php/extensions/no-debug-non-zts-20210902/openssl.so: cannot open shared object file: No such file or directory)) in Unknown on line 0
[03-Jun-2023 15:57:42 UTC] PHP Warning:  PHP Startup: Unable to load dynamic library 'curl' (tried: /usr/local/lib/php/extensions/no-debug-non-zts-20210902/curl (/usr/local/lib/php/extensions/no-debug-non-zts-20210902/curl: cannot open shared object file: No such file or directory), /usr/local/lib/php/extensions/no-debug-non-zts-20210902/curl.so (/usr/local/lib/php/extensions/no-debug-non-zts-20210902/curl.so: cannot open shared object file: No such file or directory)) in Unknown on line 0
[03-Jun-2023 15:57:42 UTC] PHP Warning:  PHP Startup: Unable to load dynamic library 'fileinfo' (tried: /usr/local/lib/php/extensions/no-debug-non-zts-20210902/fileinfo (/usr/local/lib/php/extensions/no-debug-non-zts-20210902/fileinfo: cannot open shared object file: No such file or directory), /usr/local/lib/php/extensions/no-debug-non-zts-20210902/fileinfo.so (/usr/local/lib/php/extensions/no-debug-non-zts-20210902/fileinfo.so: cannot open shared object file: No such file or directory)) in Unknown on line 0
[03-Jun-2023 15:57:42 UTC] PHP Warning:  PHP Startup: Unable to load dynamic library 'mbstring' (tried: /usr/local/lib/php/extensions/no-debug-non-zts-20210902/mbstring (/usr/local/lib/php/extensions/no-debug-non-zts-20210902/mbstring: cannot open shared object file: No such file or directory), /usr/local/lib/php/extensions/no-debug-non-zts-20210902/mbstring.so (/usr/local/lib/php/extensions/no-debug-non-zts-20210902/mbstring.so: cannot open shared object file: No such file or directory)) in Unknown on line 0
[03-Jun-2023 15:57:42 UTC] PHP Warning:  PHP Startup: Unable to load dynamic library 'openssl' (tried: /usr/local/lib/php/extensions/no-debug-non-zts-20210902/openssl (/usr/local/lib/php/extensions/no-debug-non-zts-20210902/openssl: cannot open shared object file: No such file or directory), /usr/local/lib/php/extensions/no-debug-non-zts-20210902/openssl.so (/usr/local/lib/php/extensions/no-debug-non-zts-20210902/openssl.so: cannot open shared object file: No such file or directory)) in Unknown on line 0
[03-Jun-2023 16:03:20 UTC] PHP Warning:  PHP Startup: Unable to load dynamic library 'curl' (tried: /usr/local/lib/php/extensions/no-debug-non-zts-20210902/curl (/usr/local/lib/php/extensions/no-debug-non-zts-20210902/curl: cannot open shared object file: No such file or directory), /usr/local/lib/php/extensions/no-debug-non-zts-20210902/curl.so (/usr/local/lib/php/extensions/no-debug-non-zts-20210902/curl.so: cannot open shared object file: No such file or directory)) in Unknown on line 0
[03-Jun-2023 16:03:20 UTC] PHP Warning:  PHP Startup: Unable to load dynamic library 'fileinfo' (tried: /usr/local/lib/php/extensions/no-debug-non-zts-20210902/fileinfo (/usr/local/lib/php/extensions/no-debug-non-zts-20210902/fileinfo: cannot open shared object file: No such file or directory), /usr/local/lib/php/extensions/no-debug-non-zts-20210902/fileinfo.so (/usr/local/lib/php/extensions/no-debug-non-zts-20210902/fileinfo.so: cannot open shared object file: No such file or directory)) in Unknown on line 0
[03-Jun-2023 16:03:20 UTC] PHP Warning:  PHP Startup: Unable to load dynamic library 'mbstring' (tried: /usr/local/lib/php/extensions/no-debug-non-zts-20210902/mbstring (/usr/local/lib/php/extensions/no-debug-non-zts-20210902/mbstring: cannot open shared object file: No such file or directory), /usr/local/lib/php/extensions/no-debug-non-zts-20210902/mbstring.so (/usr/local/lib/php/extensions/no-debug-non-zts-20210902/mbstring.so: cannot open shared object file: No such file or directory)) in Unknown on line 0
[03-Jun-2023 16:03:20 UTC] PHP Warning:  PHP Startup: Unable to load dynamic library 'openssl' (tried: /usr/local/lib/php/extensions/no-debug-non-zts-20210902/openssl (/usr/local/lib/php/extensions/no-debug-non-zts-20210902/openssl: cannot open shared object file: No such file or directory), /usr/local/lib/php/extensions/no-debug-non-zts-20210902/openssl.so (/usr/local/lib/php/extensions/no-debug-non-zts-20210902/openssl.so: cannot open shared object file: No such file or directory)) in Unknown on line 0
[03-Jun-2023 16:03:37 UTC] PHP Warning:  PHP Startup: Unable to load dynamic library 'curl' (tried: /usr/local/lib/php/extensions/no-debug-non-zts-20210902/curl (/usr/local/lib/php/extensions/no-debug-non-zts-20210902/curl: cannot open shared object file: No such file or directory), /usr/local/lib/php/extensions/no-debug-non-zts-20210902/curl.so (/usr/local/lib/php/extensions/no-debug-non-zts-20210902/curl.so: cannot open shared object file: No such file or directory)) in Unknown on line 0
[03-Jun-2023 16:03:37 UTC] PHP Warning:  PHP Startup: Unable to load dynamic library 'fileinfo' (tried: /usr/local/lib/php/extensions/no-debug-non-zts-20210902/fileinfo (/usr/local/lib/php/extensions/no-debug-non-zts-20210902/fileinfo: cannot open shared object file: No such file or directory), /usr/local/lib/php/extensions/no-debug-non-zts-20210902/fileinfo.so (/usr/local/lib/php/extensions/no-debug-non-zts-20210902/fileinfo.so: cannot open shared object file: No such file or directory)) in Unknown on line 0
[03-Jun-2023 16:03:37 UTC] PHP Warning:  PHP Startup: Unable to load dynamic library 'mbstring' (tried: /usr/local/lib/php/extensions/no-debug-non-zts-20210902/mbstring (/usr/local/lib/php/extensions/no-debug-non-zts-20210902/mbstring: cannot open shared object file: No such file or directory), /usr/local/lib/php/extensions/no-debug-non-zts-20210902/mbstring.so (/usr/local/lib/php/extensions/no-debug-non-zts-20210902/mbstring.so: cannot open shared object file: No such file or directory)) in Unknown on line 0
[03-Jun-2023 16:03:37 UTC] PHP Warning:  PHP Startup: Unable to load dynamic library 'openssl' (tried: /usr/local/lib/php/extensions/no-debug-non-zts-20210902/openssl (/usr/local/lib/php/extensions/no-debug-non-zts-20210902/openssl: cannot open shared object file: No such file or directory), /usr/local/lib/php/extensions/no-debug-non-zts-20210902/openssl.so (/usr/local/lib/php/extensions/no-debug-non-zts-20210902/openssl.so: cannot open shared object file: No such file or directory)) in Unknown on line 0
[03-Jun-2023 16:04:15 UTC] PHP Warning:  PHP Startup: Unable to load dynamic library 'curl' (tried: /usr/local/lib/php/extensions/no-debug-non-zts-20210902/curl (/usr/local/lib/php/extensions/no-debug-non-zts-20210902/curl: cannot open shared object file: No such file or directory), /usr/local/lib/php/extensions/no-debug-non-zts-20210902/curl.so (/usr/local/lib/php/extensions/no-debug-non-zts-20210902/curl.so: cannot open shared object file: No such file or directory)) in Unknown on line 0
[03-Jun-2023 16:04:15 UTC] PHP Warning:  PHP Startup: Unable to load dynamic library 'fileinfo' (tried: /usr/local/lib/php/extensions/no-debug-non-zts-20210902/fileinfo (/usr/local/lib/php/extensions/no-debug-non-zts-20210902/fileinfo: cannot open shared object file: No such file or directory), /usr/local/lib/php/extensions/no-debug-non-zts-20210902/fileinfo.so (/usr/local/lib/php/extensions/no-debug-non-zts-20210902/fileinfo.so: cannot open shared object file: No such file or directory)) in Unknown on line 0
[03-Jun-2023 16:04:15 UTC] PHP Warning:  PHP Startup: Unable to load dynamic library 'mbstring' (tried: /usr/local/lib/php/extensions/no-debug-non-zts-20210902/mbstring (/usr/local/lib/php/extensions/no-debug-non-zts-20210902/mbstring: cannot open shared object file: No such file or directory), /usr/local/lib/php/extensions/no-debug-non-zts-20210902/mbstring.so (/usr/local/lib/php/extensions/no-debug-non-zts-20210902/mbstring.so: cannot open shared object file: No such file or directory)) in Unknown on line 0
[03-Jun-2023 16:04:15 UTC] PHP Warning:  PHP Startup: Unable to load dynamic library 'openssl' (tried: /usr/local/lib/php/extensions/no-debug-non-zts-20210902/openssl (/usr/local/lib/php/extensions/no-debug-non-zts-20210902/openssl: cannot open shared object file: No such file or directory), /usr/local/lib/php/extensions/no-debug-non-zts-20210902/openssl.so (/usr/local/lib/php/extensions/no-debug-non-zts-20210902/openssl.so: cannot open shared object file: No such file or directory)) in Unknown on line 0
[03-Jun-2023 16:10:04 UTC] PHP Warning:  PHP Startup: Unable to load dynamic library 'curl' (tried: /usr/local/lib/php/extensions/no-debug-non-zts-20210902/curl (/usr/local/lib/php/extensions/no-debug-non-zts-20210902/curl: cannot open shared object file: No such file or directory), /usr/local/lib/php/extensions/no-debug-non-zts-20210902/curl.so (/usr/local/lib/php/extensions/no-debug-non-zts-20210902/curl.so: cannot open shared object file: No such file or directory)) in Unknown on line 0
[03-Jun-2023 16:10:04 UTC] PHP Warning:  PHP Startup: Unable to load dynamic library 'fileinfo' (tried: /usr/local/lib/php/extensions/no-debug-non-zts-20210902/fileinfo (/usr/local/lib/php/extensions/no-debug-non-zts-20210902/fileinfo: cannot open shared object file: No such file or directory), /usr/local/lib/php/extensions/no-debug-non-zts-20210902/fileinfo.so (/usr/local/lib/php/extensions/no-debug-non-zts-20210902/fileinfo.so: cannot open shared object file: No such file or directory)) in Unknown on line 0
[03-Jun-2023 16:10:04 UTC] PHP Warning:  PHP Startup: Unable to load dynamic library 'mbstring' (tried: /usr/local/lib/php/extensions/no-debug-non-zts-20210902/mbstring (/usr/local/lib/php/extensions/no-debug-non-zts-20210902/mbstring: cannot open shared object file: No such file or directory), /usr/local/lib/php/extensions/no-debug-non-zts-20210902/mbstring.so (/usr/local/lib/php/extensions/no-debug-non-zts-20210902/mbstring.so: cannot open shared object file: No such file or directory)) in Unknown on line 0
[03-Jun-2023 16:10:04 UTC] PHP Warning:  PHP Startup: Unable to load dynamic library 'openssl' (tried: /usr/local/lib/php/extensions/no-debug-non-zts-20210902/openssl (/usr/local/lib/php/extensions/no-debug-non-zts-20210902/openssl: cannot open shared object file: No such file or directory), /usr/local/lib/php/extensions/no-debug-non-zts-20210902/openssl.so (/usr/local/lib/php/extensions/no-debug-non-zts-20210902/openssl.so: cannot open shared object file: No such file or directory)) in Unknown on line 0
[03-Jun-2023 16:13:15 UTC] PHP Warning:  PHP Startup: Unable to load dynamic library 'curl' (tried: /usr/local/lib/php/extensions/no-debug-non-zts-20210902/curl (/usr/local/lib/php/extensions/no-debug-non-zts-20210902/curl: cannot open shared object file: No such file or directory), /usr/local/lib/php/extensions/no-debug-non-zts-20210902/curl.so (/usr/local/lib/php/extensions/no-debug-non-zts-20210902/curl.so: cannot open shared object file: No such file or directory)) in Unknown on line 0
[03-Jun-2023 16:13:15 UTC] PHP Warning:  PHP Startup: Unable to load dynamic library 'fileinfo' (tried: /usr/local/lib/php/extensions/no-debug-non-zts-20210902/fileinfo (/usr/local/lib/php/extensions/no-debug-non-zts-20210902/fileinfo: cannot open shared object file: No such file or directory), /usr/local/lib/php/extensions/no-debug-non-zts-20210902/fileinfo.so (/usr/local/lib/php/extensions/no-debug-non-zts-20210902/fileinfo.so: cannot open shared object file: No such file or directory)) in Unknown on line 0
[03-Jun-2023 16:13:15 UTC] PHP Warning:  PHP Startup: Unable to load dynamic library 'mbstring' (tried: /usr/local/lib/php/extensions/no-debug-non-zts-20210902/mbstring (/usr/local/lib/php/extensions/no-debug-non-zts-20210902/mbstring: cannot open shared object file: No such file or directory), /usr/local/lib/php/extensions/no-debug-non-zts-20210902/mbstring.so (/usr/local/lib/php/extensions/no-debug-non-zts-20210902/mbstring.so: cannot open shared object file: No such file or directory)) in Unknown on line 0
[03-Jun-2023 16:13:15 UTC] PHP Warning:  PHP Startup: Unable to load dynamic library 'openssl' (tried: /usr/local/lib/php/extensions/no-debug-non-zts-20210902/openssl (/usr/local/lib/php/extensions/no-debug-non-zts-20210902/openssl: cannot open shared object file: No such file or directory), /usr/local/lib/php/extensions/no-debug-non-zts-20210902/openssl.so (/usr/local/lib/php/extensions/no-debug-non-zts-20210902/openssl.so: cannot open shared object file: No such file or directory)) in Unknown on line 0
[03-Jun-2023 16:14:04 UTC] PHP Warning:  PHP Startup: Unable to load dynamic library 'curl' (tried: /usr/local/lib/php/extensions/no-debug-non-zts-20210902/curl (/usr/local/lib/php/extensions/no-debug-non-zts-20210902/curl: cannot open shared object file: No such file or directory), /usr/local/lib/php/extensions/no-debug-non-zts-20210902/curl.so (/usr/local/lib/php/extensions/no-debug-non-zts-20210902/curl.so: cannot open shared object file: No such file or directory)) in Unknown on line 0
[03-Jun-2023 16:14:04 UTC] PHP Warning:  PHP Startup: Unable to load dynamic library 'fileinfo' (tried: /usr/local/lib/php/extensions/no-debug-non-zts-20210902/fileinfo (/usr/local/lib/php/extensions/no-debug-non-zts-20210902/fileinfo: cannot open shared object file: No such file or directory), /usr/local/lib/php/extensions/no-debug-non-zts-20210902/fileinfo.so (/usr/local/lib/php/extensions/no-debug-non-zts-20210902/fileinfo.so: cannot open shared object file: No such file or directory)) in Unknown on line 0
[03-Jun-2023 16:14:04 UTC] PHP Warning:  PHP Startup: Unable to load dynamic library 'mbstring' (tried: /usr/local/lib/php/extensions/no-debug-non-zts-20210902/mbstring (/usr/local/lib/php/extensions/no-debug-non-zts-20210902/mbstring: cannot open shared object file: No such file or directory), /usr/local/lib/php/extensions/no-debug-non-zts-20210902/mbstring.so (/usr/local/lib/php/extensions/no-debug-non-zts-20210902/mbstring.so: cannot open shared object file: No such file or directory)) in Unknown on line 0
[03-Jun-2023 16:14:04 UTC] PHP Warning:  PHP Startup: Unable to load dynamic library 'openssl' (tried: /usr/local/lib/php/extensions/no-debug-non-zts-20210902/openssl (/usr/local/lib/php/extensions/no-debug-non-zts-20210902/openssl: cannot open shared object file: No such file or directory), /usr/local/lib/php/extensions/no-debug-non-zts-20210902/openssl.so (/usr/local/lib/php/extensions/no-debug-non-zts-20210902/openssl.so: cannot open shared object file: No such file or directory)) in Unknown on line 0
[03-Jun-2023 16:18:01 UTC] PHP Warning:  PHP Startup: Unable to load dynamic library 'curl' (tried: /usr/local/lib/php/extensions/no-debug-non-zts-20210902/curl (/usr/local/lib/php/extensions/no-debug-non-zts-20210902/curl: cannot open shared object file: No such file or directory), /usr/local/lib/php/extensions/no-debug-non-zts-20210902/curl.so (/usr/local/lib/php/extensions/no-debug-non-zts-20210902/curl.so: cannot open shared object file: No such file or directory)) in Unknown on line 0
[03-Jun-2023 16:18:01 UTC] PHP Warning:  PHP Startup: Unable to load dynamic library 'fileinfo' (tried: /usr/local/lib/php/extensions/no-debug-non-zts-20210902/fileinfo (/usr/local/lib/php/extensions/no-debug-non-zts-20210902/fileinfo: cannot open shared object file: No such file or directory), /usr/local/lib/php/extensions/no-debug-non-zts-20210902/fileinfo.so (/usr/local/lib/php/extensions/no-debug-non-zts-20210902/fileinfo.so: cannot open shared object file: No such file or directory)) in Unknown on line 0
[03-Jun-2023 16:18:01 UTC] PHP Warning:  PHP Startup: Unable to load dynamic library 'mbstring' (tried: /usr/local/lib/php/extensions/no-debug-non-zts-20210902/mbstring (/usr/local/lib/php/extensions/no-debug-non-zts-20210902/mbstring: cannot open shared object file: No such file or directory), /usr/local/lib/php/extensions/no-debug-non-zts-20210902/mbstring.so (/usr/local/lib/php/extensions/no-debug-non-zts-20210902/mbstring.so: cannot open shared object file: No such file or directory)) in Unknown on line 0
[03-Jun-2023 16:18:01 UTC] PHP Warning:  PHP Startup: Unable to load dynamic library 'openssl' (tried: /usr/local/lib/php/extensions/no-debug-non-zts-20210902/openssl (/usr/local/lib/php/extensions/no-debug-non-zts-20210902/openssl: cannot open shared object file: No such file or directory), /usr/local/lib/php/extensions/no-debug-non-zts-20210902/openssl.so (/usr/local/lib/php/extensions/no-debug-non-zts-20210902/openssl.so: cannot open shared object file: No such file or directory)) in Unknown on line 0
[03-Jun-2023 16:28:48 UTC] PHP Warning:  PHP Startup: Unable to load dynamic library 'curl' (tried: /usr/local/lib/php/extensions/no-debug-non-zts-20210902/curl (/usr/local/lib/php/extensions/no-debug-non-zts-20210902/curl: cannot open shared object file: No such file or directory), /usr/local/lib/php/extensions/no-debug-non-zts-20210902/curl.so (/usr/local/lib/php/extensions/no-debug-non-zts-20210902/curl.so: cannot open shared object file: No such file or directory)) in Unknown on line 0
[03-Jun-2023 16:28:48 UTC] PHP Warning:  PHP Startup: Unable to load dynamic library 'fileinfo' (tried: /usr/local/lib/php/extensions/no-debug-non-zts-20210902/fileinfo (/usr/local/lib/php/extensions/no-debug-non-zts-20210902/fileinfo: cannot open shared object file: No such file or directory), /usr/local/lib/php/extensions/no-debug-non-zts-20210902/fileinfo.so (/usr/local/lib/php/extensions/no-debug-non-zts-20210902/fileinfo.so: cannot open shared object file: No such file or directory)) in Unknown on line 0
[03-Jun-2023 16:28:48 UTC] PHP Warning:  PHP Startup: Unable to load dynamic library 'mbstring' (tried: /usr/local/lib/php/extensions/no-debug-non-zts-20210902/mbstring (/usr/local/lib/php/extensions/no-debug-non-zts-20210902/mbstring: cannot open shared object file: No such file or directory), /usr/local/lib/php/extensions/no-debug-non-zts-20210902/mbstring.so (/usr/local/lib/php/extensions/no-debug-non-zts-20210902/mbstring.so: cannot open shared object file: No such file or directory)) in Unknown on line 0
[03-Jun-2023 16:28:48 UTC] PHP Warning:  PHP Startup: Unable to load dynamic library 'openssl' (tried: /usr/local/lib/php/extensions/no-debug-non-zts-20210902/openssl (/usr/local/lib/php/extensions/no-debug-non-zts-20210902/openssl: cannot open shared object file: No such file or directory), /usr/local/lib/php/extensions/no-debug-non-zts-20210902/openssl.so (/usr/local/lib/php/extensions/no-debug-non-zts-20210902/openssl.so: cannot open shared object file: No such file or directory)) in Unknown on line 0
[03-Jun-2023 16:30:17 UTC] PHP Warning:  PHP Startup: Unable to load dynamic library 'curl' (tried: /usr/local/lib/php/extensions/no-debug-non-zts-20210902/curl (/usr/local/lib/php/extensions/no-debug-non-zts-20210902/curl: cannot open shared object file: No such file or directory), /usr/local/lib/php/extensions/no-debug-non-zts-20210902/curl.so (/usr/local/lib/php/extensions/no-debug-non-zts-20210902/curl.so: cannot open shared object file: No such file or directory)) in Unknown on line 0
[03-Jun-2023 16:30:17 UTC] PHP Warning:  PHP Startup: Unable to load dynamic library 'fileinfo' (tried: /usr/local/lib/php/extensions/no-debug-non-zts-20210902/fileinfo (/usr/local/lib/php/extensions/no-debug-non-zts-20210902/fileinfo: cannot open shared object file: No such file or directory), /usr/local/lib/php/extensions/no-debug-non-zts-20210902/fileinfo.so (/usr/local/lib/php/extensions/no-debug-non-zts-20210902/fileinfo.so: cannot open shared object file: No such file or directory)) in Unknown on line 0
[03-Jun-2023 16:30:17 UTC] PHP Warning:  PHP Startup: Unable to load dynamic library 'mbstring' (tried: /usr/local/lib/php/extensions/no-debug-non-zts-20210902/mbstring (/usr/local/lib/php/extensions/no-debug-non-zts-20210902/mbstring: cannot open shared object file: No such file or directory), /usr/local/lib/php/extensions/no-debug-non-zts-20210902/mbstring.so (/usr/local/lib/php/extensions/no-debug-non-zts-20210902/mbstring.so: cannot open shared object file: No such file or directory)) in Unknown on line 0
[03-Jun-2023 16:30:17 UTC] PHP Warning:  PHP Startup: Unable to load dynamic library 'openssl' (tried: /usr/local/lib/php/extensions/no-debug-non-zts-20210902/openssl (/usr/local/lib/php/extensions/no-debug-non-zts-20210902/openssl: cannot open shared object file: No such file or directory), /usr/local/lib/php/extensions/no-debug-non-zts-20210902/openssl.so (/usr/local/lib/php/extensions/no-debug-non-zts-20210902/openssl.so: cannot open shared object file: No such file or directory)) in Unknown on line 0
[03-Jun-2023 16:32:53 UTC] PHP Warning:  PHP Startup: Unable to load dynamic library 'curl' (tried: /usr/local/lib/php/extensions/no-debug-non-zts-20210902/curl (/usr/local/lib/php/extensions/no-debug-non-zts-20210902/curl: cannot open shared object file: No such file or directory), /usr/local/lib/php/extensions/no-debug-non-zts-20210902/curl.so (/usr/local/lib/php/extensions/no-debug-non-zts-20210902/curl.so: cannot open shared object file: No such file or directory)) in Unknown on line 0
[03-Jun-2023 16:32:53 UTC] PHP Warning:  PHP Startup: Unable to load dynamic library 'fileinfo' (tried: /usr/local/lib/php/extensions/no-debug-non-zts-20210902/fileinfo (/usr/local/lib/php/extensions/no-debug-non-zts-20210902/fileinfo: cannot open shared object file: No such file or directory), /usr/local/lib/php/extensions/no-debug-non-zts-20210902/fileinfo.so (/usr/local/lib/php/extensions/no-debug-non-zts-20210902/fileinfo.so: cannot open shared object file: No such file or directory)) in Unknown on line 0
[03-Jun-2023 16:32:53 UTC] PHP Warning:  PHP Startup: Unable to load dynamic library 'mbstring' (tried: /usr/local/lib/php/extensions/no-debug-non-zts-20210902/mbstring (/usr/local/lib/php/extensions/no-debug-non-zts-20210902/mbstring: cannot open shared object file: No such file or directory), /usr/local/lib/php/extensions/no-debug-non-zts-20210902/mbstring.so (/usr/local/lib/php/extensions/no-debug-non-zts-20210902/mbstring.so: cannot open shared object file: No such file or directory)) in Unknown on line 0
[03-Jun-2023 16:32:53 UTC] PHP Warning:  PHP Startup: Unable to load dynamic library 'openssl' (tried: /usr/local/lib/php/extensions/no-debug-non-zts-20210902/openssl (/usr/local/lib/php/extensions/no-debug-non-zts-20210902/openssl: cannot open shared object file: No such file or directory), /usr/local/lib/php/extensions/no-debug-non-zts-20210902/openssl.so (/usr/local/lib/php/extensions/no-debug-non-zts-20210902/openssl.so: cannot open shared object file: No such file or directory)) in Unknown on line 0
[03-Jun-2023 16:34:39 UTC] PHP Warning:  PHP Startup: Unable to load dynamic library 'curl' (tried: /usr/local/lib/php/extensions/no-debug-non-zts-20210902/curl (/usr/local/lib/php/extensions/no-debug-non-zts-20210902/curl: cannot open shared object file: No such file or directory), /usr/local/lib/php/extensions/no-debug-non-zts-20210902/curl.so (/usr/local/lib/php/extensions/no-debug-non-zts-20210902/curl.so: cannot open shared object file: No such file or directory)) in Unknown on line 0
[03-Jun-2023 16:34:39 UTC] PHP Warning:  PHP Startup: Unable to load dynamic library 'fileinfo' (tried: /usr/local/lib/php/extensions/no-debug-non-zts-20210902/fileinfo (/usr/local/lib/php/extensions/no-debug-non-zts-20210902/fileinfo: cannot open shared object file: No such file or directory), /usr/local/lib/php/extensions/no-debug-non-zts-20210902/fileinfo.so (/usr/local/lib/php/extensions/no-debug-non-zts-20210902/fileinfo.so: cannot open shared object file: No such file or directory)) in Unknown on line 0
[03-Jun-2023 16:34:39 UTC] PHP Warning:  PHP Startup: Unable to load dynamic library 'mbstring' (tried: /usr/local/lib/php/extensions/no-debug-non-zts-20210902/mbstring (/usr/local/lib/php/extensions/no-debug-non-zts-20210902/mbstring: cannot open shared object file: No such file or directory), /usr/local/lib/php/extensions/no-debug-non-zts-20210902/mbstring.so (/usr/local/lib/php/extensions/no-debug-non-zts-20210902/mbstring.so: cannot open shared object file: No such file or directory)) in Unknown on line 0
[03-Jun-2023 16:34:39 UTC] PHP Warning:  PHP Startup: Unable to load dynamic library 'openssl' (tried: /usr/local/lib/php/extensions/no-debug-non-zts-20210902/openssl (/usr/local/lib/php/extensions/no-debug-non-zts-20210902/openssl: cannot open shared object file: No such file or directory), /usr/local/lib/php/extensions/no-debug-non-zts-20210902/openssl.so (/usr/local/lib/php/extensions/no-debug-non-zts-20210902/openssl.so: cannot open shared object file: No such file or directory)) in Unknown on line 0
[03-Jun-2023 16:34:53 UTC] PHP Warning:  PHP Startup: Unable to load dynamic library 'curl' (tried: /usr/local/lib/php/extensions/no-debug-non-zts-20210902/curl (/usr/local/lib/php/extensions/no-debug-non-zts-20210902/curl: cannot open shared object file: No such file or directory), /usr/local/lib/php/extensions/no-debug-non-zts-20210902/curl.so (/usr/local/lib/php/extensions/no-debug-non-zts-20210902/curl.so: cannot open shared object file: No such file or directory)) in Unknown on line 0
[03-Jun-2023 16:34:53 UTC] PHP Warning:  PHP Startup: Unable to load dynamic library 'fileinfo' (tried: /usr/local/lib/php/extensions/no-debug-non-zts-20210902/fileinfo (/usr/local/lib/php/extensions/no-debug-non-zts-20210902/fileinfo: cannot open shared object file: No such file or directory), /usr/local/lib/php/extensions/no-debug-non-zts-20210902/fileinfo.so (/usr/local/lib/php/extensions/no-debug-non-zts-20210902/fileinfo.so: cannot open shared object file: No such file or directory)) in Unknown on line 0
[03-Jun-2023 16:34:53 UTC] PHP Warning:  PHP Startup: Unable to load dynamic library 'mbstring' (tried: /usr/local/lib/php/extensions/no-debug-non-zts-20210902/mbstring (/usr/local/lib/php/extensions/no-debug-non-zts-20210902/mbstring: cannot open shared object file: No such file or directory), /usr/local/lib/php/extensions/no-debug-non-zts-20210902/mbstring.so (/usr/local/lib/php/extensions/no-debug-non-zts-20210902/mbstring.so: cannot open shared object file: No such file or directory)) in Unknown on line 0
[03-Jun-2023 16:34:53 UTC] PHP Warning:  PHP Startup: Unable to load dynamic library 'openssl' (tried: /usr/local/lib/php/extensions/no-debug-non-zts-20210902/openssl (/usr/local/lib/php/extensions/no-debug-non-zts-20210902/openssl: cannot open shared object file: No such file or directory), /usr/local/lib/php/extensions/no-debug-non-zts-20210902/openssl.so (/usr/local/lib/php/extensions/no-debug-non-zts-20210902/openssl.so: cannot open shared object file: No such file or directory)) in Unknown on line 0
[03-Jun-2023 16:47:21 UTC] PHP Fatal error:  Uncaught ValueError: PDO::query(): Argument #1 ($query) cannot be empty in /var/www/html/Core/Traits/Queryable.php:63
Stack trace:
#0 /var/www/html/Core/Traits/Queryable.php(63): PDO->query('')
#1 /var/www/html/public/index.php(23): Core\Model->get()
#2 {main}
  thrown in /var/www/html/Core/Traits/Queryable.php on line 63
[03-Jun-2023 16:47:21 UTC] PHP Fatal error:  Uncaught ValueError: PDO::query(): Argument #1 ($query) cannot be empty in /var/www/html/Core/Traits/Queryable.php:63
Stack trace:
#0 /var/www/html/Core/Traits/Queryable.php(63): PDO->query('')
#1 /var/www/html/public/index.php(23): Core\Model->get()
#2 {main}
  thrown in /var/www/html/Core/Traits/Queryable.php on line 63
[03-Jun-2023 16:49:14 UTC] PHP Fatal error:  Uncaught ValueError: PDO::query(): Argument #1 ($query) cannot be empty in /var/www/html/Core/Traits/Queryable.php:63
Stack trace:
#0 /var/www/html/Core/Traits/Queryable.php(63): PDO->query('')
#1 /var/www/html/public/index.php(23): Core\Model->get()
#2 {main}
  thrown in /var/www/html/Core/Traits/Queryable.php on line 63
[03-Jun-2023 16:49:14 UTC] PHP Fatal error:  Uncaught ValueError: PDO::query(): Argument #1 ($query) cannot be empty in /var/www/html/Core/Traits/Queryable.php:63
Stack trace:
#0 /var/www/html/Core/Traits/Queryable.php(63): PDO->query('')
#1 /var/www/html/public/index.php(23): Core\Model->get()
#2 {main}
  thrown in /var/www/html/Core/Traits/Queryable.php on line 63
[03-Jun-2023 16:51:12 UTC] PHP Fatal error:  Uncaught Error: Call to undefined method App\Models\Product::category() in /var/www/html/public/index.php:23
Stack trace:
#0 {main}
  thrown in /var/www/html/public/index.php on line 23
[03-Jun-2023 16:51:12 UTC] PHP Fatal error:  Uncaught Error: Call to undefined method App\Models\Product::category() in /var/www/html/public/index.php:23
Stack trace:
#0 {main}
  thrown in /var/www/html/public/index.php on line 23
[03-Jun-2023 18:56:20 UTC] PHP Fatal error:  Uncaught Error: Typed property App\Models\User::$id must not be accessed before initialization in /var/www/html/Core/Model.php:13
Stack trace:
#0 /var/www/html/Core/Model.php(47): Core\Model->getId()
#1 /var/www/html/public/index.php(29): Core\Model->update(Array)
#2 {main}
  thrown in /var/www/html/Core/Model.php on line 13
[03-Jun-2023 18:56:20 UTC] PHP Fatal error:  Uncaught Error: Typed property App\Models\User::$id must not be accessed before initialization in /var/www/html/Core/Model.php:13
Stack trace:
#0 /var/www/html/Core/Model.php(47): Core\Model->getId()
#1 /var/www/html/public/index.php(29): Core\Model->update(Array)
#2 {main}
  thrown in /var/www/html/Core/Model.php on line 13
[03-Jun-2023 18:57:48 UTC] PHP Fatal error:  Uncaught Error: Typed property App\Models\User::$id must not be accessed before initialization in /var/www/html/Core/Model.php:13
Stack trace:
#0 /var/www/html/Core/Model.php(47): Core\Model->getId()
#1 /var/www/html/public/index.php(29): Core\Model->update(Array)
#2 {main}
  thrown in /var/www/html/Core/Model.php on line 13
[03-Jun-2023 18:57:48 UTC] PHP Fatal error:  Uncaught Error: Typed property App\Models\User::$id must not be accessed before initialization in /var/www/html/Core/Model.php:13
Stack trace:
#0 /var/www/html/Core/Model.php(47): Core\Model->getId()
#1 /var/www/html/public/index.php(29): Core\Model->update(Array)
#2 {main}
  thrown in /var/www/html/Core/Model.php on line 13
[03-Jun-2023 18:58:50 UTC] PHP Fatal error:  Uncaught Error: Typed property App\Models\User::$id must not be accessed before initialization in /var/www/html/Core/Model.php:13
Stack trace:
#0 /var/www/html/Core/Model.php(47): Core\Model->getId()
#1 /var/www/html/public/index.php(29): Core\Model->update(Array)
#2 {main}
  thrown in /var/www/html/Core/Model.php on line 13
[03-Jun-2023 18:58:50 UTC] PHP Fatal error:  Uncaught Error: Typed property App\Models\User::$id must not be accessed before initialization in /var/www/html/Core/Model.php:13
Stack trace:
#0 /var/www/html/Core/Model.php(47): Core\Model->getId()
#1 /var/www/html/public/index.php(29): Core\Model->update(Array)
#2 {main}
  thrown in /var/www/html/Core/Model.php on line 13
[03-Jun-2023 18:58:51 UTC] PHP Fatal error:  Uncaught Error: Typed property App\Models\User::$id must not be accessed before initialization in /var/www/html/Core/Model.php:13
Stack trace:
#0 /var/www/html/Core/Model.php(47): Core\Model->getId()
#1 /var/www/html/public/index.php(29): Core\Model->update(Array)
#2 {main}
  thrown in /var/www/html/Core/Model.php on line 13
[03-Jun-2023 18:58:52 UTC] PHP Fatal error:  Uncaught Error: Typed property App\Models\User::$id must not be accessed before initialization in /var/www/html/Core/Model.php:13
Stack trace:
#0 /var/www/html/Core/Model.php(47): Core\Model->getId()
#1 /var/www/html/public/index.php(29): Core\Model->update(Array)
#2 {main}
  thrown in /var/www/html/Core/Model.php on line 13
[03-Jun-2023 18:59:41 UTC] PHP Fatal error:  Uncaught Error: Typed property App\Models\User::$id must not be accessed before initialization in /var/www/html/Core/Model.php:13
Stack trace:
#0 /var/www/html/Core/Model.php(47): Core\Model->getId()
#1 /var/www/html/public/index.php(29): Core\Model->update(Array)
#2 {main}
  thrown in /var/www/html/Core/Model.php on line 13
[03-Jun-2023 18:59:41 UTC] PHP Fatal error:  Uncaught Error: Typed property App\Models\User::$id must not be accessed before initialization in /var/www/html/Core/Model.php:13
Stack trace:
#0 /var/www/html/Core/Model.php(47): Core\Model->getId()
#1 /var/www/html/public/index.php(29): Core\Model->update(Array)
#2 {main}
  thrown in /var/www/html/Core/Model.php on line 13
[03-Jun-2023 18:59:43 UTC] PHP Fatal error:  Uncaught Error: Typed property App\Models\User::$id must not be accessed before initialization in /var/www/html/Core/Model.php:13
Stack trace:
#0 /var/www/html/Core/Model.php(47): Core\Model->getId()
#1 /var/www/html/public/index.php(29): Core\Model->update(Array)
#2 {main}
  thrown in /var/www/html/Core/Model.php on line 13
[03-Jun-2023 18:59:44 UTC] PHP Fatal error:  Uncaught Error: Typed property App\Models\User::$id must not be accessed before initialization in /var/www/html/Core/Model.php:13
Stack trace:
#0 /var/www/html/Core/Model.php(47): Core\Model->getId()
#1 /var/www/html/public/index.php(29): Core\Model->update(Array)
#2 {main}
  thrown in /var/www/html/Core/Model.php on line 13
[03-Jun-2023 18:59:59 UTC] PHP Fatal error:  Uncaught Error: Typed property App\Models\User::$id must not be accessed before initialization in /var/www/html/Core/Model.php:13
Stack trace:
#0 /var/www/html/Core/Model.php(47): Core\Model->getId()
#1 /var/www/html/public/index.php(29): Core\Model->update(Array)
#2 {main}
  thrown in /var/www/html/Core/Model.php on line 13
[03-Jun-2023 18:59:59 UTC] PHP Fatal error:  Uncaught Error: Typed property App\Models\User::$id must not be accessed before initialization in /var/www/html/Core/Model.php:13
Stack trace:
#0 /var/www/html/Core/Model.php(47): Core\Model->getId()
#1 /var/www/html/public/index.php(29): Core\Model->update(Array)
#2 {main}
  thrown in /var/www/html/Core/Model.php on line 13
[03-Jun-2023 19:00:08 UTC] PHP Fatal error:  Uncaught Error: Typed property App\Models\User::$id must not be accessed before initialization in /var/www/html/Core/Model.php:16
Stack trace:
#0 /var/www/html/Core/Model.php(47): Core\Model->getId()
#1 /var/www/html/public/index.php(29): Core\Model->update(Array)
#2 {main}
  thrown in /var/www/html/Core/Model.php on line 16
[03-Jun-2023 19:00:09 UTC] PHP Fatal error:  Uncaught Error: Typed property App\Models\User::$id must not be accessed before initialization in /var/www/html/Core/Model.php:16
Stack trace:
#0 /var/www/html/Core/Model.php(47): Core\Model->getId()
#1 /var/www/html/public/index.php(29): Core\Model->update(Array)
#2 {main}
  thrown in /var/www/html/Core/Model.php on line 16
